Using pre-set license
Built from '2022.2/staging' branch; Version is '2022.2.21f1 (4907324dc95b) revision 4785970'; Using compiler version '192829333'; Build Type 'Release'
OS: 'Windows 11  (10.0.22631) 64bit Core' Language: 'en' Physical Memory: 15789 MB
BatchMode: 1, IsHumanControllingUs: 0, StartBugReporterOnCrash: 0, Is64bit: 1, IsPro: 1

COMMAND LINE ARGUMENTS:
C:\Program Files\Unity\Hub\Editor\2022.2.21f1\Editor\Unity.exe
-adb2
-batchMode
-noUpm
-name
AssetImportWorker4
-projectPath
C:/Users/sebas/My project
-logFile
Logs/AssetImportWorker4.log
-srvPort
62940
Successfully changed project path to: C:/Users/sebas/My project
C:/Users/sebas/My project
[UnityMemory] Configuration Parameters - Can be set up in boot.config
    "memorysetup-bucket-allocator-granularity=16"
    "memorysetup-bucket-allocator-bucket-count=8"
    "memorysetup-bucket-allocator-block-size=33554432"
    "memorysetup-bucket-allocator-block-count=8"
    "memorysetup-main-allocator-block-size=16777216"
    "memorysetup-thread-allocator-block-size=16777216"
    "memorysetup-gfx-main-allocator-block-size=16777216"
    "memorysetup-gfx-thread-allocator-block-size=16777216"
    "memorysetup-cache-allocator-block-size=4194304"
    "memorysetup-typetree-allocator-block-size=2097152"
    "memorysetup-profiler-bucket-allocator-granularity=16"
    "memorysetup-profiler-bucket-allocator-bucket-count=8"
    "memorysetup-profiler-bucket-allocator-block-size=33554432"
    "memorysetup-profiler-bucket-allocator-block-count=8"
    "memorysetup-profiler-allocator-block-size=16777216"
    "memorysetup-profiler-editor-allocator-block-size=1048576"
    "memorysetup-temp-allocator-size-main=16777216"
    "memorysetup-job-temp-allocator-block-size=2097152"
    "memorysetup-job-temp-allocator-block-size-background=1048576"
    "memorysetup-job-temp-allocator-reduction-small-platforms=262144"
    "memorysetup-allocator-temp-initial-block-size-main=262144"
    "memorysetup-allocator-temp-initial-block-size-worker=262144"
    "memorysetup-temp-allocator-size-background-worker=32768"
    "memorysetup-temp-allocator-size-job-worker=262144"
    "memorysetup-temp-allocator-size-preload-manager=33554432"
    "memorysetup-temp-allocator-size-nav-mesh-worker=65536"
    "memorysetup-temp-allocator-size-audio-worker=65536"
    "memorysetup-temp-allocator-size-cloud-worker=32768"
    "memorysetup-temp-allocator-size-gi-baking-worker=262144"
    "memorysetup-temp-allocator-size-gfx=262144"
Player connection [2344] Host "[IP] 192.168.1.153 [Port] 0 [Flags] 2 [Guid] 45583111 [EditorId] 45583111 [Version] 1048832 [Id] WindowsEditor(7,laptop-seb) [Debug] 1 [PackageName] WindowsEditor [ProjectName] Editor" joined multi-casting on [225.0.0.222:54997]...

Player connection [2344] Host "[IP] 192.168.1.153 [Port] 0 [Flags] 2 [Guid] 45583111 [EditorId] 45583111 [Version] 1048832 [Id] WindowsEditor(7,laptop-seb) [Debug] 1 [PackageName] WindowsEditor [ProjectName] Editor" joined alternative multi-casting on [225.0.0.222:34997]...

Refreshing native plugins compatible for Editor in 53.00 ms, found 4 plugins.
Preloading 1 native plugins for Editor in 1.27 ms.
Initialize engine version: 2022.2.21f1 (4907324dc95b)
[Subsystems] Discovering subsystems at path C:/Program Files/Unity/Hub/Editor/2022.2.21f1/Editor/Data/Resources/UnitySubsystems
[Subsystems] Discovering subsystems at path C:/Users/sebas/My project/Assets
GfxDevice: creating device client; threaded=0; jobified=0
Direct3D:
    Version:  Direct3D 11.0 [level 11.1]
    Renderer: NVIDIA GeForce RTX 2060 (ID=0x1f15)
    Vendor:   NVIDIA
    VRAM:     5955 MB
    Driver:   32.0.15.6614
Initialize mono
Mono path[0] = 'C:/Program Files/Unity/Hub/Editor/2022.2.21f1/Editor/Data/Managed'
Mono path[1] = 'C:/Program Files/Unity/Hub/Editor/2022.2.21f1/Editor/Data/MonoBleedingEdge/lib/mono/unityjit-win32'
Mono config path = 'C:/Program Files/Unity/Hub/Editor/2022.2.21f1/Editor/Data/MonoBleedingEdge/etc'
Using monoOptions --debugger-agent=transport=dt_socket,embedding=1,server=y,suspend=n,address=127.0.0.1:56472
Begin MonoManager ReloadAssembly
Registering precompiled unity dll's ...
Register platform support module: C:/Program Files/Unity/Hub/Editor/2022.2.21f1/Editor/Data/PlaybackEngines/WindowsStandaloneSupport/UnityEditor.WindowsStandalone.Extensions.dll
Registered in 0.018240 seconds.
- Loaded All Assemblies, in  0.792 seconds
Native extension for WindowsStandalone target not found
Mono: successfully reloaded assembly
- Finished resetting the current domain, in  0.610 seconds
Domain Reload Profiling:
	ReloadAssembly (479ms)
		BeginReloadAssembly (237ms)
			ExecutionOrderSort (0ms)
			DisableScriptedObjects (0ms)
			BackupInstance (0ms)
			ReleaseScriptingObjects (0ms)
			CreateAndSetChildDomain (1ms)
		LoadAllAssembliesAndSetupDomain (0ms)
			LoadAssemblies (232ms)
			RebuildTransferFunctionScriptingTraits (0ms)
			SetupTypeCache (295ms)
				TypeCache.Initialize (294ms)
					TypeCache.ScanAssembly (292ms)
				ResolveRequiredComponents (1ms)
		FinalizeReload (0ms)
			ReleaseScriptCaches (0ms)
			RebuildScriptCaches (0ms)
			SetupLoadedEditorAssemblies (480ms)
				LogAssemblyErrors (0ms)
				InitializePlatformSupportModulesInManaged (22ms)
				SetLoadedEditorAssemblies (17ms)
				RefreshPlugins (0ms)
				BeforeProcessingInitializeOnLoad (2ms)
				ProcessInitializeOnLoadAttributes (331ms)
				ProcessInitializeOnLoadMethodAttributes (107ms)
				AfterProcessingInitializeOnLoad (0ms)
				EditorAssembliesLoaded (0ms)
			ExecutionOrderSort2 (0ms)
			AwakeInstancesAfterBackupRestoration (0ms)
========================================================================
Worker process is ready to serve import requests
Begin MonoManager ReloadAssembly
Symbol file LoadedFromMemory doesn't match image C:\Users\sebas\My project\Library\PackageCache\com.unity.visualscripting@1.8.0\Editor\VisualScripting.Core\Dependencies\YamlDotNet\Unity.VisualScripting.YamlDotNet.dll
Symbol file LoadedFromMemory doesn't match image C:\Users\sebas\My project\Library\PackageCache\com.unity.visualscripting@1.8.0\Editor\VisualScripting.Core\Dependencies\DotNetZip\Unity.VisualScripting.IonicZip.dll
- Loaded All Assemblies, in  1.776 seconds
Refreshing native plugins compatible for Editor in 20.73 ms, found 4 plugins.
Native extension for WindowsStandalone target not found
Mono: successfully reloaded assembly
- Finished resetting the current domain, in  1.349 seconds
Domain Reload Profiling:
	ReloadAssembly (469ms)
		BeginReloadAssembly (274ms)
			ExecutionOrderSort (0ms)
			DisableScriptedObjects (12ms)
			BackupInstance (0ms)
			ReleaseScriptingObjects (0ms)
			CreateAndSetChildDomain (39ms)
		LoadAllAssembliesAndSetupDomain (1299ms)
			LoadAssemblies (708ms)
			RebuildTransferFunctionScriptingTraits (0ms)
			SetupTypeCache (717ms)
				TypeCache.Initialize (671ms)
					TypeCache.ScanAssembly (661ms)
				ResolveRequiredComponents (9ms)
		FinalizeReload (0ms)
			ReleaseScriptCaches (0ms)
			RebuildScriptCaches (0ms)
			SetupLoadedEditorAssemblies (1018ms)
				LogAssemblyErrors (0ms)
				InitializePlatformSupportModulesInManaged (11ms)
				SetLoadedEditorAssemblies (9ms)
				RefreshPlugins (0ms)
				BeforeProcessingInitializeOnLoad (128ms)
				ProcessInitializeOnLoadAttributes (814ms)
				ProcessInitializeOnLoadMethodAttributes (39ms)
				AfterProcessingInitializeOnLoad (16ms)
				EditorAssembliesLoaded (0ms)
			ExecutionOrderSort2 (0ms)
			AwakeInstancesAfterBackupRestoration (13ms)
Launched and connected shader compiler UnityShaderCompiler.exe after 0.13 seconds
Refreshing native plugins compatible for Editor in 20.54 ms, found 4 plugins.
Preloading 1 native plugins for Editor in 0.15 ms.
Unloading 3225 Unused Serialized files (Serialized files now loaded: 0)
Unloading 59 unused Assets / (73.1 KB). Loaded Objects now: 3679.
Memory consumption went from 121.2 MB to 121.1 MB.
Total: 6.491600 ms (FindLiveObjects: 0.578300 ms CreateObjectMapping: 0.260300 ms MarkObjects: 5.429400 ms  DeleteObjects: 0.220800 ms)

AssetImportParameters requested are different than current active one (requested -> active):
  custom:container-demuxer-ogg: 62fdf1f143b41e24485cea50d1cbac27 -> 
  custom:video-codec-MediaFoundation-h265: 746d11721c4dcdbdad8f713fa42b33f4 -> 
  custom:video-decoder-ogg-theora: a1e56fd34408186e4bbccfd4996cb3dc -> 
  custom:framework-win-MediaFoundation: 216162199b28c13a410421893ffa2e32 -> 
  custom:container-demuxer-webm: 4f35f7cbe854078d1ac9338744f61a02 -> 
  custom:container-muxer-webm: aa71ff27fc2769a1b78a27578f13a17b -> 
  custom:video-decoder-webm-vp8: 9c59270c3fd7afecdb556c50c9e8de78 -> 
  custom:AudioImporter_EditorPlatform: d09bf68614088b80899f8185d706f6e7 -> 
  custom:video-encoder-webm-vp8: eb34c28f22e8b96e1ab97ce403110664 -> 
  custom:audio-decoder-ogg-vorbis: bf7c407c2cedff20999df2af8eb42d56 -> 
  custom:audio-encoder-webm-vorbis: bf7c407c2cedff20999df2af8eb42d56 -> 
========================================================================
Received Import Request.
  Time since last request: 160993.800358 seconds.
  path: Assets/materials/custom dirt_graph_0/custom dirt_graph_0_material.mat
  artifactKey: Guid(d1a71666107e1024f9f1cb07446b49f7) Importer(815301076,1909f56bfc062723c751e8b465ee728b)
Start importing Assets/materials/custom dirt_graph_0/custom dirt_graph_0_material.mat using Guid(d1a71666107e1024f9f1cb07446b49f7) Importer(815301076,1909f56bfc062723c751e8b465ee728b)  -> (artifact id: '258c3830f092e0f8be073e845dfa31b1') in 0.318823 seconds
Number of updated asset objects reloaded before import = 0
Number of asset objects unloaded after import = 6
========================================================================
Received Import Request.
  Time since last request: 13.403531 seconds.
  path: Assets/materials/custom dirt_graph_0/custom dirt_graph_0_material.mat
  artifactKey: Guid(d1a71666107e1024f9f1cb07446b49f7) Importer(815301076,1909f56bfc062723c751e8b465ee728b)
Start importing Assets/materials/custom dirt_graph_0/custom dirt_graph_0_material.mat using Guid(d1a71666107e1024f9f1cb07446b49f7) Importer(815301076,1909f56bfc062723c751e8b465ee728b)  -> (artifact id: 'cc44bf2c4ceebdc7d453bbdabf71f5e0') in 0.061810 seconds
Number of updated asset objects reloaded before import = 0
Number of asset objects unloaded after import = 6
========================================================================
Received Import Request.
  Time since last request: 185.248725 seconds.
  path: Assets/New Terrain.asset
  artifactKey: Guid(21ae41cb2eb91ad48987076181d8cc53) Importer(815301076,1909f56bfc062723c751e8b465ee728b)
Start importing Assets/New Terrain.asset using Guid(21ae41cb2eb91ad48987076181d8cc53) Importer(815301076,1909f56bfc062723c751e8b465ee728b)  -> (artifact id: '3299ccdffc6b361eaab34b94ac35e10a') in 0.059382 seconds
Number of updated asset objects reloaded before import = 0
Number of asset objects unloaded after import = 3
========================================================================
Received Import Request.
  Time since last request: 208.753041 seconds.
  path: Assets/materials/custom dirt_graph_0/custom dirt_basecolor.tga
  artifactKey: Guid(35999bab0e544d1468f239a82f381b0c) Importer(815301076,1909f56bfc062723c751e8b465ee728b)
Start importing Assets/materials/custom dirt_graph_0/custom dirt_basecolor.tga using Guid(35999bab0e544d1468f239a82f381b0c) Importer(815301076,1909f56bfc062723c751e8b465ee728b)  -> (artifact id: '4c4f8ae25055b2281ba73556fb847907') in 0.034193 seconds
Number of updated asset objects reloaded before import = 0
Number of asset objects unloaded after import = 2
========================================================================
Received Import Request.
  Time since last request: 5.389882 seconds.
  path: Assets/materials/custom dirt_graph_0/custom dirt_basecolor.tga
  artifactKey: Guid(35999bab0e544d1468f239a82f381b0c) Importer(815301076,1909f56bfc062723c751e8b465ee728b)
Start importing Assets/materials/custom dirt_graph_0/custom dirt_basecolor.tga using Guid(35999bab0e544d1468f239a82f381b0c) Importer(815301076,1909f56bfc062723c751e8b465ee728b)  -> (artifact id: '9d214e8a3e68c088e49c6c084c580366') in 0.029787 seconds
Number of updated asset objects reloaded before import = 0
Number of asset objects unloaded after import = 2
========================================================================
Received Import Request.
  Time since last request: 3.688676 seconds.
  path: Assets/materials/custom dirt_graph_0/custom dirt_basecolor.tga
  artifactKey: Guid(35999bab0e544d1468f239a82f381b0c) Importer(815301076,1909f56bfc062723c751e8b465ee728b)
Start importing Assets/materials/custom dirt_graph_0/custom dirt_basecolor.tga using Guid(35999bab0e544d1468f239a82f381b0c) Importer(815301076,1909f56bfc062723c751e8b465ee728b)  -> (artifact id: '4cea0202436b139509ed8527805bfdb2') in 0.029519 seconds
Number of updated asset objects reloaded before import = 0
Number of asset objects unloaded after import = 2
========================================================================
Received Import Request.
  Time since last request: 17.223511 seconds.
  path: Assets/materials/custom dirt_graph_0/custom dirt_basecolor.tga
  artifactKey: Guid(35999bab0e544d1468f239a82f381b0c) Importer(815301076,1909f56bfc062723c751e8b465ee728b)
Start importing Assets/materials/custom dirt_graph_0/custom dirt_basecolor.tga using Guid(35999bab0e544d1468f239a82f381b0c) Importer(815301076,1909f56bfc062723c751e8b465ee728b)  -> (artifact id: 'a9127fab470d7d30a15f6642dc0b8e09') in 0.037540 seconds
Number of updated asset objects reloaded before import = 0
Number of asset objects unloaded after import = 2
========================================================================
Received Import Request.
  Time since last request: 10.535582 seconds.
  path: Assets/materials/custom dirt_graph_0/custom dirt_basecolor.tga
  artifactKey: Guid(35999bab0e544d1468f239a82f381b0c) Importer(815301076,1909f56bfc062723c751e8b465ee728b)
Start importing Assets/materials/custom dirt_graph_0/custom dirt_basecolor.tga using Guid(35999bab0e544d1468f239a82f381b0c) Importer(815301076,1909f56bfc062723c751e8b465ee728b)  -> (artifact id: 'b423bf35ccbda1be5a36f461b3b44e9d') in 0.031936 seconds
Number of updated asset objects reloaded before import = 0
Number of asset objects unloaded after import = 2
========================================================================
Received Import Request.
  Time since last request: 3.199617 seconds.
  path: Assets/materials/custom dirt_graph_0/custom dirt_basecolor.tga
  artifactKey: Guid(35999bab0e544d1468f239a82f381b0c) Importer(815301076,1909f56bfc062723c751e8b465ee728b)
Start importing Assets/materials/custom dirt_graph_0/custom dirt_basecolor.tga using Guid(35999bab0e544d1468f239a82f381b0c) Importer(815301076,1909f56bfc062723c751e8b465ee728b)  -> (artifact id: 'f5ecea7e201850679147994440a798f0') in 0.030073 seconds
Number of updated asset objects reloaded before import = 0
Number of asset objects unloaded after import = 2
========================================================================
Received Import Request.
  Time since last request: 2.320656 seconds.
  path: Assets/materials/custom dirt_graph_0/custom dirt_basecolor.tga
  artifactKey: Guid(35999bab0e544d1468f239a82f381b0c) Importer(815301076,1909f56bfc062723c751e8b465ee728b)
Start importing Assets/materials/custom dirt_graph_0/custom dirt_basecolor.tga using Guid(35999bab0e544d1468f239a82f381b0c) Importer(815301076,1909f56bfc062723c751e8b465ee728b)  -> (artifact id: '28550399d721682e9a468d7c6f533b67') in 0.029281 seconds
Number of updated asset objects reloaded before import = 0
Number of asset objects unloaded after import = 2
========================================================================
Received Import Request.
  Time since last request: 3.634784 seconds.
  path: Assets/materials/custom dirt_graph_0/custom dirt_basecolor.tga
  artifactKey: Guid(35999bab0e544d1468f239a82f381b0c) Importer(815301076,1909f56bfc062723c751e8b465ee728b)
Start importing Assets/materials/custom dirt_graph_0/custom dirt_basecolor.tga using Guid(35999bab0e544d1468f239a82f381b0c) Importer(815301076,1909f56bfc062723c751e8b465ee728b)  -> (artifact id: '68d0f8f6df4aa0e963a3e0e242b45b6d') in 0.032688 seconds
Number of updated asset objects reloaded before import = 0
Number of asset objects unloaded after import = 2
========================================================================
Received Import Request.
  Time since last request: 6.640356 seconds.
  path: Assets/materials/custom dirt_graph_0/custom dirt_basecolor.tga
  artifactKey: Guid(35999bab0e544d1468f239a82f381b0c) Importer(815301076,1909f56bfc062723c751e8b465ee728b)
Start importing Assets/materials/custom dirt_graph_0/custom dirt_basecolor.tga using Guid(35999bab0e544d1468f239a82f381b0c) Importer(815301076,1909f56bfc062723c751e8b465ee728b)  -> (artifact id: '14e169201ca998e39c1694ba72bd0eed') in 0.061626 seconds
Number of updated asset objects reloaded before import = 0
Number of asset objects unloaded after import = 3
========================================================================
Received Import Request.
  Time since last request: 14.929139 seconds.
  path: Assets/materials/custom dirt_graph_0/custom dirt_basecolor.tga
  artifactKey: Guid(35999bab0e544d1468f239a82f381b0c) Importer(815301076,1909f56bfc062723c751e8b465ee728b)
Start importing Assets/materials/custom dirt_graph_0/custom dirt_basecolor.tga using Guid(35999bab0e544d1468f239a82f381b0c) Importer(815301076,1909f56bfc062723c751e8b465ee728b)  -> (artifact id: '7174d51666d665de9ee6cc7132ce842b') in 0.041141 seconds
Number of updated asset objects reloaded before import = 0
Number of asset objects unloaded after import = 3
========================================================================
Received Import Request.
  Time since last request: 5.927366 seconds.
  path: Assets/materials/custom dirt_graph_0/custom dirt_basecolor.tga
  artifactKey: Guid(35999bab0e544d1468f239a82f381b0c) Importer(815301076,1909f56bfc062723c751e8b465ee728b)
Start importing Assets/materials/custom dirt_graph_0/custom dirt_basecolor.tga using Guid(35999bab0e544d1468f239a82f381b0c) Importer(815301076,1909f56bfc062723c751e8b465ee728b)  -> (artifact id: '5132c926a6153f92cafccde8797f25aa') in 0.038187 seconds
Number of updated asset objects reloaded before import = 0
Number of asset objects unloaded after import = 3
========================================================================
Received Import Request.
  Time since last request: 2.356056 seconds.
  path: Assets/materials/custom dirt_graph_0/custom dirt_basecolor.tga
  artifactKey: Guid(35999bab0e544d1468f239a82f381b0c) Importer(815301076,1909f56bfc062723c751e8b465ee728b)
Start importing Assets/materials/custom dirt_graph_0/custom dirt_basecolor.tga using Guid(35999bab0e544d1468f239a82f381b0c) Importer(815301076,1909f56bfc062723c751e8b465ee728b)  -> (artifact id: 'c683e0370bc8d0ead3bd9201ecb97304') in 0.038795 seconds
Number of updated asset objects reloaded before import = 0
Number of asset objects unloaded after import = 3
========================================================================
Received Import Request.
  Time since last request: 3.029836 seconds.
  path: Assets/materials/custom dirt_graph_0/custom dirt_basecolor.tga
  artifactKey: Guid(35999bab0e544d1468f239a82f381b0c) Importer(815301076,1909f56bfc062723c751e8b465ee728b)
Start importing Assets/materials/custom dirt_graph_0/custom dirt_basecolor.tga using Guid(35999bab0e544d1468f239a82f381b0c) Importer(815301076,1909f56bfc062723c751e8b465ee728b)  -> (artifact id: 'e76f175c9f010b68aa608e36b793e4e1') in 0.044119 seconds
Number of updated asset objects reloaded before import = 0
Number of asset objects unloaded after import = 3
========================================================================
Received Import Request.
  Time since last request: 6.172443 seconds.
  path: Assets/materials/custom dirt_graph_0/custom dirt_basecolor.tga
  artifactKey: Guid(35999bab0e544d1468f239a82f381b0c) Importer(815301076,1909f56bfc062723c751e8b465ee728b)
Start importing Assets/materials/custom dirt_graph_0/custom dirt_basecolor.tga using Guid(35999bab0e544d1468f239a82f381b0c) Importer(815301076,1909f56bfc062723c751e8b465ee728b)  -> (artifact id: '4a72ba9ccc774b930a1ab195c8cd5063') in 0.032461 seconds
Number of updated asset objects reloaded before import = 0
Number of asset objects unloaded after import = 2
========================================================================
Received Import Request.
  Time since last request: 13.781089 seconds.
  path: Assets/materials/custom dirt_graph_0/custom dirt_basecolor.tga
  artifactKey: Guid(35999bab0e544d1468f239a82f381b0c) Importer(815301076,1909f56bfc062723c751e8b465ee728b)
Start importing Assets/materials/custom dirt_graph_0/custom dirt_basecolor.tga using Guid(35999bab0e544d1468f239a82f381b0c) Importer(815301076,1909f56bfc062723c751e8b465ee728b)  -> (artifact id: 'fb94327a42a939fa0e333670549b93ce') in 0.033715 seconds
Number of updated asset objects reloaded before import = 0
Number of asset objects unloaded after import = 2
========================================================================
Received Import Request.
  Time since last request: 21.661932 seconds.
  path: Assets/materials/custom dirt_graph_0/custom dirt_basecolor.tga
  artifactKey: Guid(35999bab0e544d1468f239a82f381b0c) Importer(815301076,1909f56bfc062723c751e8b465ee728b)
Start importing Assets/materials/custom dirt_graph_0/custom dirt_basecolor.tga using Guid(35999bab0e544d1468f239a82f381b0c) Importer(815301076,1909f56bfc062723c751e8b465ee728b)  -> (artifact id: 'ed2f287a3e3bb09804e95e81f298a4f8') in 0.085771 seconds
Number of updated asset objects reloaded before import = 0
Number of asset objects unloaded after import = 1
========================================================================
Received Import Request.
  Time since last request: 4.618710 seconds.
  path: Assets/materials/custom dirt_graph_0/custom dirt_basecolor.tga
  artifactKey: Guid(35999bab0e544d1468f239a82f381b0c) Importer(815301076,1909f56bfc062723c751e8b465ee728b)
Start importing Assets/materials/custom dirt_graph_0/custom dirt_basecolor.tga using Guid(35999bab0e544d1468f239a82f381b0c) Importer(815301076,1909f56bfc062723c751e8b465ee728b)  -> (artifact id: 'd19c58b79e83f95c97de41b33be5ad36') in 0.061203 seconds
Number of updated asset objects reloaded before import = 0
Number of asset objects unloaded after import = 1
========================================================================
Received Import Request.
  Time since last request: 3.386418 seconds.
  path: Assets/materials/custom dirt_graph_0/custom dirt_basecolor.tga
  artifactKey: Guid(35999bab0e544d1468f239a82f381b0c) Importer(815301076,1909f56bfc062723c751e8b465ee728b)
Start importing Assets/materials/custom dirt_graph_0/custom dirt_basecolor.tga using Guid(35999bab0e544d1468f239a82f381b0c) Importer(815301076,1909f56bfc062723c751e8b465ee728b)  -> (artifact id: '7948e955ad36a9611d370241fc828192') in 0.052314 seconds
Number of updated asset objects reloaded before import = 0
Number of asset objects unloaded after import = 1
========================================================================
Received Import Request.
  Time since last request: 134.555711 seconds.
  path: Assets/materials/custom dirt
  artifactKey: Guid(a7c065a4c7bb3864d9d76de68bfe392c) Importer(815301076,1909f56bfc062723c751e8b465ee728b)
Start importing Assets/materials/custom dirt using Guid(a7c065a4c7bb3864d9d76de68bfe392c) Importer(815301076,1909f56bfc062723c751e8b465ee728b)  -> (artifact id: '7b53cb753846a588eb05f3200c371471') in 0.001651 seconds
Number of updated asset objects reloaded before import = 0
Number of asset objects unloaded after import = 0
========================================================================
Received Import Request.
  Time since last request: 6.996413 seconds.
  path: Assets/materials/custom dirt/custom dirt_AmbientOcclusion.jpg
  artifactKey: Guid(a5ccebfcca74688489002c0309158ba4) Importer(815301076,1909f56bfc062723c751e8b465ee728b)
Start importing Assets/materials/custom dirt/custom dirt_AmbientOcclusion.jpg using Guid(a5ccebfcca74688489002c0309158ba4) Importer(815301076,1909f56bfc062723c751e8b465ee728b)  -> (artifact id: '11c96a267dda2225ce367ffa22f6d125') in 0.040303 seconds
Number of updated asset objects reloaded before import = 0
Number of asset objects unloaded after import = 2
========================================================================
Received Import Request.
  Time since last request: 0.023739 seconds.
  path: Assets/materials/custom dirt/custom dirt_Glossiness.jpg
  artifactKey: Guid(d3eae4bed58d4844f97b273306e697bf) Importer(815301076,1909f56bfc062723c751e8b465ee728b)
Start importing Assets/materials/custom dirt/custom dirt_Glossiness.jpg using Guid(d3eae4bed58d4844f97b273306e697bf) Importer(815301076,1909f56bfc062723c751e8b465ee728b)  -> (artifact id: '689b39a95cae3994b0b3125622f92210') in 0.046369 seconds
Number of updated asset objects reloaded before import = 0
Number of asset objects unloaded after import = 2
========================================================================
Received Import Request.
  Time since last request: 0.000034 seconds.
  path: Assets/materials/custom dirt/custom dirt_Specular.jpg
  artifactKey: Guid(6aec8d6516f6b914c9bb96a3c4dfaf85) Importer(815301076,1909f56bfc062723c751e8b465ee728b)
Start importing Assets/materials/custom dirt/custom dirt_Specular.jpg using Guid(6aec8d6516f6b914c9bb96a3c4dfaf85) Importer(815301076,1909f56bfc062723c751e8b465ee728b)  -> (artifact id: '2f72054454ca6ea33a52912330026a69') in 0.035023 seconds
Number of updated asset objects reloaded before import = 0
Number of asset objects unloaded after import = 2
========================================================================
Received Import Request.
  Time since last request: 0.000035 seconds.
  path: Assets/materials/custom dirt/custom dirt_Metallic.jpg
  artifactKey: Guid(cdf6727723d8e0a4c9e3d7b340b2e75d) Importer(815301076,1909f56bfc062723c751e8b465ee728b)
Start importing Assets/materials/custom dirt/custom dirt_Metallic.jpg using Guid(cdf6727723d8e0a4c9e3d7b340b2e75d) Importer(815301076,1909f56bfc062723c751e8b465ee728b)  -> (artifact id: 'ed77252c4744821b9f1fda96340984d5') in 0.036888 seconds
Number of updated asset objects reloaded before import = 0
Number of asset objects unloaded after import = 2
========================================================================
Received Import Request.
  Time since last request: 0.000386 seconds.
  path: Assets/materials/custom dirt/custom dirt_Opacity.jpg
  artifactKey: Guid(82337b1076936794fa7867a4875df3d8) Importer(815301076,1909f56bfc062723c751e8b465ee728b)
Start importing Assets/materials/custom dirt/custom dirt_Opacity.jpg using Guid(82337b1076936794fa7867a4875df3d8) Importer(815301076,1909f56bfc062723c751e8b465ee728b)  -> (artifact id: 'cad19cfac077c9501b3cae336e8d4688') in 0.034660 seconds
Number of updated asset objects reloaded before import = 0
Number of asset objects unloaded after import = 2
Editor requested this worker to shutdown with reason: Scaling down because of idle timeout
TcpMessagingSession - receive error: operation aborted. errorcode: 995, details: The I/O operation has been aborted because of either a thread exit or an application request.
AssetImportWorker is now disconnected from the server
Process exiting
Exiting without the bug reporter. Application will terminate with return code 0