Using pre-set license
Built from '2022.2/staging' branch; Version is '2022.2.21f1 (4907324dc95b) revision 4785970'; Using compiler version '192829333'; Build Type 'Release'
OS: 'Windows 11  (10.0.22631) 64bit Core' Language: 'en' Physical Memory: 15789 MB
BatchMode: 1, IsHumanControllingUs: 0, StartBugReporterOnCrash: 0, Is64bit: 1, IsPro: 1

COMMAND LINE ARGUMENTS:
C:\Program Files\Unity\Hub\Editor\2022.2.21f1\Editor\Unity.exe
-adb2
-batchMode
-noUpm
-name
AssetImportWorker6
-projectPath
C:/Users/sebas/My project
-logFile
Logs/AssetImportWorker6.log
-srvPort
62940
Successfully changed project path to: C:/Users/sebas/My project
C:/Users/sebas/My project
[UnityMemory] Configuration Parameters - Can be set up in boot.config
    "memorysetup-bucket-allocator-granularity=16"
    "memorysetup-bucket-allocator-bucket-count=8"
    "memorysetup-bucket-allocator-block-size=33554432"
    "memorysetup-bucket-allocator-block-count=8"
    "memorysetup-main-allocator-block-size=16777216"
    "memorysetup-thread-allocator-block-size=16777216"
    "memorysetup-gfx-main-allocator-block-size=16777216"
    "memorysetup-gfx-thread-allocator-block-size=16777216"
    "memorysetup-cache-allocator-block-size=4194304"
    "memorysetup-typetree-allocator-block-size=2097152"
    "memorysetup-profiler-bucket-allocator-granularity=16"
    "memorysetup-profiler-bucket-allocator-bucket-count=8"
    "memorysetup-profiler-bucket-allocator-block-size=33554432"
    "memorysetup-profiler-bucket-allocator-block-count=8"
    "memorysetup-profiler-allocator-block-size=16777216"
    "memorysetup-profiler-editor-allocator-block-size=1048576"
    "memorysetup-temp-allocator-size-main=16777216"
    "memorysetup-job-temp-allocator-block-size=2097152"
    "memorysetup-job-temp-allocator-block-size-background=1048576"
    "memorysetup-job-temp-allocator-reduction-small-platforms=262144"
    "memorysetup-allocator-temp-initial-block-size-main=262144"
    "memorysetup-allocator-temp-initial-block-size-worker=262144"
    "memorysetup-temp-allocator-size-background-worker=32768"
    "memorysetup-temp-allocator-size-job-worker=262144"
    "memorysetup-temp-allocator-size-preload-manager=33554432"
    "memorysetup-temp-allocator-size-nav-mesh-worker=65536"
    "memorysetup-temp-allocator-size-audio-worker=65536"
    "memorysetup-temp-allocator-size-cloud-worker=32768"
    "memorysetup-temp-allocator-size-gi-baking-worker=262144"
    "memorysetup-temp-allocator-size-gfx=262144"
Player connection [26648] Host "[IP] 192.168.1.153 [Port] 0 [Flags] 2 [Guid] 2634182277 [EditorId] 2634182277 [Version] 1048832 [Id] WindowsEditor(7,laptop-seb) [Debug] 1 [PackageName] WindowsEditor [ProjectName] Editor" joined multi-casting on [225.0.0.222:54997]...

Player connection [26648] Host "[IP] 192.168.1.153 [Port] 0 [Flags] 2 [Guid] 2634182277 [EditorId] 2634182277 [Version] 1048832 [Id] WindowsEditor(7,laptop-seb) [Debug] 1 [PackageName] WindowsEditor [ProjectName] Editor" joined alternative multi-casting on [225.0.0.222:34997]...

Refreshing native plugins compatible for Editor in 66.86 ms, found 4 plugins.
Preloading 1 native plugins for Editor in 1.42 ms.
Initialize engine version: 2022.2.21f1 (4907324dc95b)
[Subsystems] Discovering subsystems at path C:/Program Files/Unity/Hub/Editor/2022.2.21f1/Editor/Data/Resources/UnitySubsystems
[Subsystems] Discovering subsystems at path C:/Users/sebas/My project/Assets
GfxDevice: creating device client; threaded=0; jobified=0
Direct3D:
    Version:  Direct3D 11.0 [level 11.1]
    Renderer: NVIDIA GeForce RTX 2060 (ID=0x1f15)
    Vendor:   NVIDIA
    VRAM:     5955 MB
    Driver:   32.0.15.6614
Initialize mono
Mono path[0] = 'C:/Program Files/Unity/Hub/Editor/2022.2.21f1/Editor/Data/Managed'
Mono path[1] = 'C:/Program Files/Unity/Hub/Editor/2022.2.21f1/Editor/Data/MonoBleedingEdge/lib/mono/unityjit-win32'
Mono config path = 'C:/Program Files/Unity/Hub/Editor/2022.2.21f1/Editor/Data/MonoBleedingEdge/etc'
Using monoOptions --debugger-agent=transport=dt_socket,embedding=1,server=y,suspend=n,address=127.0.0.1:56900
Begin MonoManager ReloadAssembly
Registering precompiled unity dll's ...
Register platform support module: C:/Program Files/Unity/Hub/Editor/2022.2.21f1/Editor/Data/PlaybackEngines/WindowsStandaloneSupport/UnityEditor.WindowsStandalone.Extensions.dll
Registered in 0.022560 seconds.
- Loaded All Assemblies, in  0.922 seconds
Native extension for WindowsStandalone target not found
Mono: successfully reloaded assembly
- Finished resetting the current domain, in  0.728 seconds
Domain Reload Profiling:
	ReloadAssembly (557ms)
		BeginReloadAssembly (261ms)
			ExecutionOrderSort (0ms)
			DisableScriptedObjects (0ms)
			BackupInstance (0ms)
			ReleaseScriptingObjects (0ms)
			CreateAndSetChildDomain (2ms)
		LoadAllAssembliesAndSetupDomain (0ms)
			LoadAssemblies (256ms)
			RebuildTransferFunctionScriptingTraits (0ms)
			SetupTypeCache (339ms)
				TypeCache.Initialize (337ms)
					TypeCache.ScanAssembly (335ms)
				ResolveRequiredComponents (1ms)
		FinalizeReload (0ms)
			ReleaseScriptCaches (0ms)
			RebuildScriptCaches (0ms)
			SetupLoadedEditorAssemblies (572ms)
				LogAssemblyErrors (0ms)
				InitializePlatformSupportModulesInManaged (29ms)
				SetLoadedEditorAssemblies (19ms)
				RefreshPlugins (0ms)
				BeforeProcessingInitializeOnLoad (3ms)
				ProcessInitializeOnLoadAttributes (380ms)
				ProcessInitializeOnLoadMethodAttributes (141ms)
				AfterProcessingInitializeOnLoad (0ms)
				EditorAssembliesLoaded (0ms)
			ExecutionOrderSort2 (0ms)
			AwakeInstancesAfterBackupRestoration (0ms)
========================================================================
Worker process is ready to serve import requests
Begin MonoManager ReloadAssembly
Symbol file LoadedFromMemory doesn't match image C:\Users\sebas\My project\Library\PackageCache\com.unity.visualscripting@1.8.0\Editor\VisualScripting.Core\Dependencies\YamlDotNet\Unity.VisualScripting.YamlDotNet.dll
Symbol file LoadedFromMemory doesn't match image C:\Users\sebas\My project\Library\PackageCache\com.unity.visualscripting@1.8.0\Editor\VisualScripting.Core\Dependencies\DotNetZip\Unity.VisualScripting.IonicZip.dll
- Loaded All Assemblies, in  2.002 seconds
Refreshing native plugins compatible for Editor in 28.99 ms, found 4 plugins.
Native extension for WindowsStandalone target not found
Mono: successfully reloaded assembly
- Finished resetting the current domain, in  1.593 seconds
Domain Reload Profiling:
	ReloadAssembly (606ms)
		BeginReloadAssembly (361ms)
			ExecutionOrderSort (0ms)
			DisableScriptedObjects (15ms)
			BackupInstance (0ms)
			ReleaseScriptingObjects (0ms)
			CreateAndSetChildDomain (43ms)
		LoadAllAssembliesAndSetupDomain (1389ms)
			LoadAssemblies (809ms)
			RebuildTransferFunctionScriptingTraits (0ms)
			SetupTypeCache (760ms)
				TypeCache.Initialize (709ms)
					TypeCache.ScanAssembly (700ms)
				ResolveRequiredComponents (13ms)
		FinalizeReload (0ms)
			ReleaseScriptCaches (0ms)
			RebuildScriptCaches (0ms)
			SetupLoadedEditorAssemblies (1188ms)
				LogAssemblyErrors (0ms)
				InitializePlatformSupportModulesInManaged (17ms)
				SetLoadedEditorAssemblies (12ms)
				RefreshPlugins (0ms)
				BeforeProcessingInitializeOnLoad (148ms)
				ProcessInitializeOnLoadAttributes (949ms)
				ProcessInitializeOnLoadMethodAttributes (45ms)
				AfterProcessingInitializeOnLoad (18ms)
				EditorAssembliesLoaded (0ms)
			ExecutionOrderSort2 (0ms)
			AwakeInstancesAfterBackupRestoration (17ms)
Launched and connected shader compiler UnityShaderCompiler.exe after 0.21 seconds
Refreshing native plugins compatible for Editor in 39.78 ms, found 4 plugins.
Preloading 1 native plugins for Editor in 0.20 ms.
Unloading 3225 Unused Serialized files (Serialized files now loaded: 0)
Unloading 59 unused Assets / (73.0 KB). Loaded Objects now: 3679.
Memory consumption went from 121.2 MB to 121.1 MB.
Total: 10.644900 ms (FindLiveObjects: 0.710300 ms CreateObjectMapping: 0.488100 ms MarkObjects: 8.317700 ms  DeleteObjects: 1.126100 ms)

AssetImportParameters requested are different than current active one (requested -> active):
  custom:container-demuxer-ogg: 62fdf1f143b41e24485cea50d1cbac27 -> 
  custom:video-codec-MediaFoundation-h265: 746d11721c4dcdbdad8f713fa42b33f4 -> 
  custom:video-decoder-ogg-theora: a1e56fd34408186e4bbccfd4996cb3dc -> 
  custom:framework-win-MediaFoundation: 216162199b28c13a410421893ffa2e32 -> 
  custom:container-demuxer-webm: 4f35f7cbe854078d1ac9338744f61a02 -> 
  custom:container-muxer-webm: aa71ff27fc2769a1b78a27578f13a17b -> 
  custom:video-decoder-webm-vp8: 9c59270c3fd7afecdb556c50c9e8de78 -> 
  custom:AudioImporter_EditorPlatform: d09bf68614088b80899f8185d706f6e7 -> 
  custom:video-encoder-webm-vp8: eb34c28f22e8b96e1ab97ce403110664 -> 
  custom:audio-decoder-ogg-vorbis: bf7c407c2cedff20999df2af8eb42d56 -> 
  custom:audio-encoder-webm-vorbis: bf7c407c2cedff20999df2af8eb42d56 -> 
========================================================================
Received Import Request.
  Time since last request: 161745.086809 seconds.
  path: Assets/materials/custom dirt/custom dirt_BaseColor.jpg
  artifactKey: Guid(4f0b997b24764e14f976d0bdc1ff9489) Importer(815301076,1909f56bfc062723c751e8b465ee728b)
Start importing Assets/materials/custom dirt/custom dirt_BaseColor.jpg using Guid(4f0b997b24764e14f976d0bdc1ff9489) Importer(815301076,1909f56bfc062723c751e8b465ee728b)  -> (artifact id: 'e9ad58e3abf3162faf695738b3be152e') in 0.124833 seconds
Number of updated asset objects reloaded before import = 0
Number of asset objects unloaded after import = 2
========================================================================
Received Import Request.
  Time since last request: 87.958028 seconds.
  path: Assets/materials/custom dirt/custom dirt_BaseColor2.jpg
  artifactKey: Guid(6a9da40ca82d2dc4c93d647dd8c6b582) Importer(815301076,1909f56bfc062723c751e8b465ee728b)
Start importing Assets/materials/custom dirt/custom dirt_BaseColor2.jpg using Guid(6a9da40ca82d2dc4c93d647dd8c6b582) Importer(815301076,1909f56bfc062723c751e8b465ee728b)  -> (artifact id: '19eee63a701052941cc2c670296d5abf') in 0.035047 seconds
Number of updated asset objects reloaded before import = 0
Number of asset objects unloaded after import = 2
========================================================================
Received Import Request.
  Time since last request: 18.524331 seconds.
  path: Assets/materials/custom dirt/NewLayer.terrainlayer
  artifactKey: Guid(c79de18fea28fb14f8a7bb3af4285fde) Importer(815301076,1909f56bfc062723c751e8b465ee728b)
Start importing Assets/materials/custom dirt/NewLayer.terrainlayer using Guid(c79de18fea28fb14f8a7bb3af4285fde) Importer(815301076,1909f56bfc062723c751e8b465ee728b)  -> (artifact id: '34ebaa7b5dd2fd5374dd3c24e9c63d39') in 0.108067 seconds
Number of updated asset objects reloaded before import = 0
Number of asset objects unloaded after import = 4
========================================================================
Received Import Request.
  Time since last request: 708.351673 seconds.
  path: Assets/New Terrain.asset
  artifactKey: Guid(21ae41cb2eb91ad48987076181d8cc53) Importer(815301076,1909f56bfc062723c751e8b465ee728b)
Start importing Assets/New Terrain.asset using Guid(21ae41cb2eb91ad48987076181d8cc53) Importer(815301076,1909f56bfc062723c751e8b465ee728b)  -> (artifact id: '37cc0a51ccfe99b77443b4aa6c4f3e01') in 0.048306 seconds
Number of updated asset objects reloaded before import = 0
Number of asset objects unloaded after import = 3
========================================================================
Received Import Request.
  Time since last request: 210.013103 seconds.
  path: Assets/materials/smallrock1_DefaultMaterial_BaseColor.png
  artifactKey: Guid(77ea6e098cf36bd4fa2d742601942e08) Importer(815301076,1909f56bfc062723c751e8b465ee728b)
Start importing Assets/materials/smallrock1_DefaultMaterial_BaseColor.png using Guid(77ea6e098cf36bd4fa2d742601942e08) Importer(815301076,1909f56bfc062723c751e8b465ee728b)  -> (artifact id: '69b96f0a9a37850a36d8a88d0844d5b5') in 0.034635 seconds
Number of updated asset objects reloaded before import = 0
Number of asset objects unloaded after import = 2
========================================================================
Received Import Request.
  Time since last request: 0.000049 seconds.
  path: Assets/materials/smallrock1_DefaultMaterial_OcclusionRoughnessMetallic.png
  artifactKey: Guid(f2c8fe7cbfc7c314c878abcdc8c0f8bb) Importer(815301076,1909f56bfc062723c751e8b465ee728b)
Start importing Assets/materials/smallrock1_DefaultMaterial_OcclusionRoughnessMetallic.png using Guid(f2c8fe7cbfc7c314c878abcdc8c0f8bb) Importer(815301076,1909f56bfc062723c751e8b465ee728b)  -> (artifact id: 'e60bb23e7a30059c466c9ab7e15ad223') in 0.031655 seconds
Number of updated asset objects reloaded before import = 0
Number of asset objects unloaded after import = 2
========================================================================
Received Import Request.
  Time since last request: 9.329632 seconds.
  path: Assets/materials/materiial.mat
  artifactKey: Guid(198d9e7e9473edb40ac51d5e701945e6) Importer(815301076,1909f56bfc062723c751e8b465ee728b)
Start importing Assets/materials/materiial.mat using Guid(198d9e7e9473edb40ac51d5e701945e6) Importer(815301076,1909f56bfc062723c751e8b465ee728b)  -> (artifact id: '0475fd902cfb921d6490acb94e21516e') in 0.158689 seconds
Number of updated asset objects reloaded before import = 0
Number of asset objects unloaded after import = 1
========================================================================
Received Import Request.
  Time since last request: 8.203444 seconds.
  path: Assets/materials/stone_small.mat
  artifactKey: Guid(198d9e7e9473edb40ac51d5e701945e6) Importer(815301076,1909f56bfc062723c751e8b465ee728b)
Start importing Assets/materials/stone_small.mat using Guid(198d9e7e9473edb40ac51d5e701945e6) Importer(815301076,1909f56bfc062723c751e8b465ee728b)  -> (artifact id: '514840527164cd3d744edb680ffeb387') in 0.024398 seconds
Number of updated asset objects reloaded before import = 0
Number of asset objects unloaded after import = 1
========================================================================
Received Import Request.
  Time since last request: 19.139436 seconds.
  path: Assets/materials/smallrock1_DefaultMaterial_Normal.png
  artifactKey: Guid(5f33090cf643aca4c830cbec43c3b17d) Importer(815301076,1909f56bfc062723c751e8b465ee728b)
Start importing Assets/materials/smallrock1_DefaultMaterial_Normal.png using Guid(5f33090cf643aca4c830cbec43c3b17d) Importer(815301076,1909f56bfc062723c751e8b465ee728b)  -> (artifact id: '275fc2cc6d7bb8558aa1757d85c526ed') in 0.038838 seconds
Number of updated asset objects reloaded before import = 0
Number of asset objects unloaded after import = 2
========================================================================
Received Import Request.
  Time since last request: 119.743878 seconds.
  path: Assets/materials/smallrock1_DefaultMaterial_BaseMap.png
  artifactKey: Guid(6dd6dbe0bfc89954b9a4bf019786d7b7) Importer(815301076,1909f56bfc062723c751e8b465ee728b)
Start importing Assets/materials/smallrock1_DefaultMaterial_BaseMap.png using Guid(6dd6dbe0bfc89954b9a4bf019786d7b7) Importer(815301076,1909f56bfc062723c751e8b465ee728b)  -> (artifact id: 'ea9b89cabde3d7873468ae91abf7d8f8') in 0.027310 seconds
Number of updated asset objects reloaded before import = 0
Number of asset objects unloaded after import = 2
========================================================================
Received Import Request.
  Time since last request: 0.000037 seconds.
  path: Assets/materials/smallrock1_DefaultMaterial_Normal.png
  artifactKey: Guid(5f33090cf643aca4c830cbec43c3b17d) Importer(815301076,1909f56bfc062723c751e8b465ee728b)
Start importing Assets/materials/smallrock1_DefaultMaterial_Normal.png using Guid(5f33090cf643aca4c830cbec43c3b17d) Importer(815301076,1909f56bfc062723c751e8b465ee728b)  -> (artifact id: '620ee48997c764d9722cea7c80c1ebdb') in 0.028717 seconds
Number of updated asset objects reloaded before import = 0
Number of asset objects unloaded after import = 2
========================================================================
Received Import Request.
  Time since last request: 28.585616 seconds.
  path: Assets/materials/smallrock1_DefaultMaterial_Normal.png
  artifactKey: Guid(5f33090cf643aca4c830cbec43c3b17d) Importer(815301076,1909f56bfc062723c751e8b465ee728b)
Start importing Assets/materials/smallrock1_DefaultMaterial_Normal.png using Guid(5f33090cf643aca4c830cbec43c3b17d) Importer(815301076,1909f56bfc062723c751e8b465ee728b)  -> (artifact id: '73be0bf0322454b7536f259e6ad45616') in 0.029139 seconds
Number of updated asset objects reloaded before import = 0
Number of asset objects unloaded after import = 2
========================================================================
Received Import Request.
  Time since last request: 81.526439 seconds.
  path: Assets/materials/smallrock1_DefaultMaterial_BaseMap.png
  artifactKey: Guid(6dd6dbe0bfc89954b9a4bf019786d7b7) Importer(815301076,1909f56bfc062723c751e8b465ee728b)
Start importing Assets/materials/smallrock1_DefaultMaterial_BaseMap.png using Guid(6dd6dbe0bfc89954b9a4bf019786d7b7) Importer(815301076,1909f56bfc062723c751e8b465ee728b)  -> (artifact id: '8ed7f93676f88750be7d7d3fddcdfc92') in 0.028433 seconds
Number of updated asset objects reloaded before import = 0
Number of asset objects unloaded after import = 2
========================================================================
Received Import Request.
  Time since last request: 6.297703 seconds.
  path: Assets/materials/smallrock1_DefaultMaterial_Normal.png
  artifactKey: Guid(5f33090cf643aca4c830cbec43c3b17d) Importer(815301076,1909f56bfc062723c751e8b465ee728b)
Start importing Assets/materials/smallrock1_DefaultMaterial_Normal.png using Guid(5f33090cf643aca4c830cbec43c3b17d) Importer(815301076,1909f56bfc062723c751e8b465ee728b)  -> (artifact id: 'dc7a62f4340f3e7797b0209060283561') in 0.029783 seconds
Number of updated asset objects reloaded before import = 0
Number of asset objects unloaded after import = 2
========================================================================
Received Import Request.
  Time since last request: 21.127021 seconds.
  path: Assets/materials/stone_small.mat
  artifactKey: Guid(198d9e7e9473edb40ac51d5e701945e6) Importer(815301076,1909f56bfc062723c751e8b465ee728b)
Start importing Assets/materials/stone_small.mat using Guid(198d9e7e9473edb40ac51d5e701945e6) Importer(815301076,1909f56bfc062723c751e8b465ee728b)  -> (artifact id: '0916f8ea651239925ba295271e64d6ad') in 0.044266 seconds
Number of updated asset objects reloaded before import = 0
Number of asset objects unloaded after import = 3
